Using pre-set license
Built from '2021.3/release' branch; Version is '2021.3.12f1 (8af3c3e441b1) revision 9106371'; Using compiler version '192829333'; Build Type 'Release'
OS: 'Windows 10  (10.0.19044) 64bit CoreSingleLanguage' Language: 'en' Physical Memory: 8072 MB
BatchMode: 1, IsHumanControllingUs: 0, StartBugReporterOnCrash: 0, Is64bit: 1, IsPro: 1

COMMAND LINE ARGUMENTS:
C:\Program Files\Unity\Hub\Editor\2021.3.12f1\Editor\Unity.exe
-adb2
-batchMode
-noUpm
-name
AssetImportWorker0
-projectPath
D:/DOCUMENTS/DHXD/IV hoc ki 1/BLOCK-2/DoAnDHMT/DHMT_ThaiND_177564
-logFile
Logs/AssetImportWorker0.log
-srvPort
50870
Successfully changed project path to: D:/DOCUMENTS/DHXD/IV hoc ki 1/BLOCK-2/DoAnDHMT/DHMT_ThaiND_177564
D:/DOCUMENTS/DHXD/IV hoc ki 1/BLOCK-2/DoAnDHMT/DHMT_ThaiND_177564
[UnityMemory] Configuration Parameters - Can be set up in boot.config
    "memorysetup-bucket-allocator-granularity=16"
    "memorysetup-bucket-allocator-bucket-count=8"
    "memorysetup-bucket-allocator-block-size=33554432"
    "memorysetup-bucket-allocator-block-count=8"
    "memorysetup-main-allocator-block-size=16777216"
    "memorysetup-thread-allocator-block-size=16777216"
    "memorysetup-gfx-main-allocator-block-size=16777216"
    "memorysetup-gfx-thread-allocator-block-size=16777216"
    "memorysetup-cache-allocator-block-size=4194304"
    "memorysetup-typetree-allocator-block-size=2097152"
    "memorysetup-profiler-bucket-allocator-granularity=16"
    "memorysetup-profiler-bucket-allocator-bucket-count=8"
    "memorysetup-profiler-bucket-allocator-block-size=33554432"
    "memorysetup-profiler-bucket-allocator-block-count=8"
    "memorysetup-profiler-allocator-block-size=16777216"
    "memorysetup-profiler-editor-allocator-block-size=1048576"
    "memorysetup-temp-allocator-size-main=16777216"
    "memorysetup-job-temp-allocator-block-size=2097152"
    "memorysetup-job-temp-allocator-block-size-background=1048576"
    "memorysetup-job-temp-allocator-reduction-small-platforms=262144"
    "memorysetup-temp-allocator-size-background-worker=32768"
    "memorysetup-temp-allocator-size-job-worker=262144"
    "memorysetup-temp-allocator-size-preload-manager=33554432"
    "memorysetup-temp-allocator-size-nav-mesh-worker=65536"
    "memorysetup-temp-allocator-size-audio-worker=65536"
    "memorysetup-temp-allocator-size-cloud-worker=32768"
    "memorysetup-temp-allocator-size-gi-baking-worker=262144"
    "memorysetup-temp-allocator-size-gfx=262144"
Refreshing native plugins compatible for Editor in 131.11 ms, found 3 plugins.
Preloading 0 native plugins for Editor in 0.00 ms.
Initialize engine version: 2021.3.12f1 (8af3c3e441b1)
[Subsystems] Discovering subsystems at path C:/Program Files/Unity/Hub/Editor/2021.3.12f1/Editor/Data/Resources/UnitySubsystems
[Subsystems] Discovering subsystems at path D:/DOCUMENTS/DHXD/IV hoc ki 1/BLOCK-2/DoAnDHMT/DHMT_ThaiND_177564/Assets
GfxDevice: creating device client; threaded=0; jobified=0
Direct3D:
    Version:  Direct3D 11.0 [level 11.1]
    Renderer: NVIDIA GeForce GTX 1050 (ID=0x1c91)
    Vendor:   NVIDIA
    VRAM:     2996 MB
    Driver:   27.21.14.5749
Initialize mono
Mono path[0] = 'C:/Program Files/Unity/Hub/Editor/2021.3.12f1/Editor/Data/Managed'
Mono path[1] = 'C:/Program Files/Unity/Hub/Editor/2021.3.12f1/Editor/Data/MonoBleedingEdge/lib/mono/unityjit-win32'
Mono config path = 'C:/Program Files/Unity/Hub/Editor/2021.3.12f1/Editor/Data/MonoBleedingEdge/etc'
Using monoOptions --debugger-agent=transport=dt_socket,embedding=1,server=y,suspend=n,address=127.0.0.1:56240
Begin MonoManager ReloadAssembly
Registering precompiled unity dll's ...
Register platform support module: C:/Program Files/Unity/Hub/Editor/2021.3.12f1/Editor/Data/PlaybackEngines/WebGLSupport/UnityEditor.WebGL.Extensions.dll
Register platform support module: C:/Program Files/Unity/Hub/Editor/2021.3.12f1/Editor/Data/PlaybackEngines/WindowsStandaloneSupport/UnityEditor.WindowsStandalone.Extensions.dll
Registered in 0.010998 seconds.
Native extension for WindowsStandalone target not found
Native extension for WebGL target not found
Refreshing native plugins compatible for Editor in 127.88 ms, found 3 plugins.
Preloading 0 native plugins for Editor in 0.00 ms.
Mono: successfully reloaded assembly
- Completed reload, in  0.856 seconds
Domain Reload Profiling:
	ReloadAssembly (856ms)
		BeginReloadAssembly (103ms)
			ExecutionOrderSort (0ms)
			DisableScriptedObjects (0ms)
			BackupInstance (0ms)
			ReleaseScriptingObjects (0ms)
			CreateAndSetChildDomain (1ms)
		EndReloadAssembly (597ms)
			LoadAssemblies (101ms)
			RebuildTransferFunctionScriptingTraits (0ms)
			SetupTypeCache (145ms)
			ReleaseScriptCaches (0ms)
			RebuildScriptCaches (37ms)
			SetupLoadedEditorAssemblies (348ms)
				LogAssemblyErrors (0ms)
				InitializePlatformSupportModulesInManaged (12ms)
				SetLoadedEditorAssemblies (0ms)
				RefreshPlugins (128ms)
				BeforeProcessingInitializeOnLoad (2ms)
				ProcessInitializeOnLoadAttributes (150ms)
				ProcessInitializeOnLoadMethodAttributes (56ms)
				AfterProcessingInitializeOnLoad (0ms)
				EditorAssembliesLoaded (0ms)
			ExecutionOrderSort2 (0ms)
			AwakeInstancesAfterBackupRestoration (0ms)
Platform modules already initialized, skipping
Registering precompiled user dll's ...
Registered in 0.005676 seconds.
Begin MonoManager ReloadAssembly
Symbol file LoadedFromMemory doesn't match image D:\DOCUMENTS\DHXD\IV hoc ki 1\BLOCK-2\DoAnDHMT\DHMT_ThaiND_177564\Library\PackageCache\com.unity.visualscripting@1.7.8\Editor\VisualScripting.Core\Dependencies\YamlDotNet\Unity.VisualScripting.YamlDotNet.dll
Symbol file LoadedFromMemory doesn't match image D:\DOCUMENTS\DHXD\IV hoc ki 1\BLOCK-2\DoAnDHMT\DHMT_ThaiND_177564\Library\PackageCache\com.unity.visualscripting@1.7.8\Editor\VisualScripting.Core\Dependencies\DotNetZip\Unity.VisualScripting.IonicZip.dll
Native extension for WindowsStandalone target not found
Native extension for WebGL target not found
Refreshing native plugins compatible for Editor in 1.01 ms, found 3 plugins.
Preloading 0 native plugins for Editor in 0.00 ms.
Mono: successfully reloaded assembly
- Completed reload, in  1.647 seconds
Domain Reload Profiling:
	ReloadAssembly (1648ms)
		BeginReloadAssembly (138ms)
			ExecutionOrderSort (0ms)
			DisableScriptedObjects (7ms)
			BackupInstance (0ms)
			ReleaseScriptingObjects (0ms)
			CreateAndSetChildDomain (23ms)
		EndReloadAssembly (1368ms)
			LoadAssemblies (105ms)
			RebuildTransferFunctionScriptingTraits (0ms)
			SetupTypeCache (353ms)
			ReleaseScriptCaches (1ms)
			RebuildScriptCaches (66ms)
			SetupLoadedEditorAssemblies (795ms)
				LogAssemblyErrors (0ms)
				InitializePlatformSupportModulesInManaged (9ms)
				SetLoadedEditorAssemblies (1ms)
				RefreshPlugins (1ms)
				BeforeProcessingInitializeOnLoad (172ms)
				ProcessInitializeOnLoadAttributes (565ms)
				ProcessInitializeOnLoadMethodAttributes (37ms)
				AfterProcessingInitializeOnLoad (11ms)
				EditorAssembliesLoaded (0ms)
			ExecutionOrderSort2 (0ms)
			AwakeInstancesAfterBackupRestoration (8ms)
Platform modules already initialized, skipping
========================================================================
Worker process is ready to serve import requests
Launched and connected shader compiler UnityShaderCompiler.exe after 0.09 seconds
Refreshing native plugins compatible for Editor in 0.93 ms, found 3 plugins.
Preloading 0 native plugins for Editor in 0.00 ms.
Unloading 3511 Unused Serialized files (Serialized files now loaded: 0)
Unloading 27 unused Assets / (439.1 KB). Loaded Objects now: 3982.
Memory consumption went from 135.6 MB to 135.2 MB.
Total: 4.744700 ms (FindLiveObjects: 0.312500 ms CreateObjectMapping: 0.176200 ms MarkObjects: 3.918400 ms  DeleteObjects: 0.336500 ms)

AssetImportParameters requested are different than current active one (requested -> active):
  custom:video-decoder-ogg-theora: a1e56fd34408186e4bbccfd4996cb3dc -> 
  custom:container-muxer-webm: aa71ff27fc2769a1b78a27578f13a17b -> 
  custom:container-demuxer-webm: 4f35f7cbe854078d1ac9338744f61a02 -> 
  custom:video-encoder-webm-vp8: eb34c28f22e8b96e1ab97ce403110664 -> 
  custom:audio-encoder-webm-vorbis: bf7c407c2cedff20999df2af8eb42d56 -> 
  custom:framework-win-MediaFoundation: 216162199b28c13a410421893ffa2e32 -> 
  custom:container-demuxer-ogg: 62fdf1f143b41e24485cea50d1cbac27 -> 
  custom:video-decoder-webm-vp8: 9c59270c3fd7afecdb556c50c9e8de78 -> 
  custom:audio-decoder-ogg-vorbis: bf7c407c2cedff20999df2af8eb42d56 -> 
========================================================================
Received Import Request.
  Time since last request: 416829.112011 seconds.
  path: Assets/Spider_Queen/Assets/Meshes/Spider_Queen_Mesh.fbx
  artifactKey: Guid(2c15de1ec41a05142b416a3f0f5c9acf) Importer(815301076,1909f56bfc062723c751e8b465ee728b)
Start importing Assets/Spider_Queen/Assets/Meshes/Spider_Queen_Mesh.fbx using Guid(2c15de1ec41a05142b416a3f0f5c9acf) Importer(815301076,1909f56bfc062723c751e8b465ee728b)  -> (artifact id: '95506f70d2378b6fbcc99c95abf73853') in 0.303337 seconds 
========================================================================
Received Import Request.
  Time since last request: 0.000028 seconds.
  path: Assets/Spider_Queen/Assets/Meshes/Spider_Swords_Mesh.fbx
  artifactKey: Guid(90cda90871883c64eb03085fe5f0f0cb) Importer(815301076,1909f56bfc062723c751e8b465ee728b)
Start importing Assets/Spider_Queen/Assets/Meshes/Spider_Swords_Mesh.fbx using Guid(90cda90871883c64eb03085fe5f0f0cb) Importer(815301076,1909f56bfc062723c751e8b465ee728b)  -> (artifact id: 'fa68b17ad200b88afd25c154abe25775') in 0.047544 seconds 
========================================================================
Received Import Request.
  Time since last request: 0.000033 seconds.
  path: Assets/Spider_Queen/Assets/Meshes/Spider_Crown_Mesh.fbx
  artifactKey: Guid(3160852f5d626ad46a57222472e6332a) Importer(815301076,1909f56bfc062723c751e8b465ee728b)
Start importing Assets/Spider_Queen/Assets/Meshes/Spider_Crown_Mesh.fbx using Guid(3160852f5d626ad46a57222472e6332a) Importer(815301076,1909f56bfc062723c751e8b465ee728b)  -> (artifact id: '69293b77f551ffe223a284b3b83a661b') in 0.068405 seconds 
========================================================================
Received Import Request.
  Time since last request: 14.151879 seconds.
  path: Assets/Barmetler/Road System/Demo/Prefabs/Complex
  artifactKey: Guid(572e6fedb0d84b749959c1e69a71eea9) Importer(815301076,1909f56bfc062723c751e8b465ee728b)
Start importing Assets/Barmetler/Road System/Demo/Prefabs/Complex using Guid(572e6fedb0d84b749959c1e69a71eea9) Importer(815301076,1909f56bfc062723c751e8b465ee728b)  -> (artifact id: 'b8f4d761edf3e9adc3d86f3337e9c11a') in 0.108405 seconds 
========================================================================
Received Import Request.
  Time since last request: 0.000031 seconds.
  path: Assets/Barmetler/Road System/Demo/Prefabs/Complex/Round-a-Bout r=30m 4-Way.prefab
  artifactKey: Guid(721c112632776944aafebdd46b3ffbc9) Importer(815301076,1909f56bfc062723c751e8b465ee728b)
Start importing Assets/Barmetler/Road System/Demo/Prefabs/Complex/Round-a-Bout r=30m 4-Way.prefab using Guid(721c112632776944aafebdd46b3ffbc9) Importer(815301076,1909f56bfc062723c751e8b465ee728b)  -> (artifact id: 'a680f3a487a0757dad8d58bfad0bff90') in 0.459712 seconds 
========================================================================
Received Import Request.
  Time since last request: 0.000030 seconds.
  path: Assets/Barmetler/Road System/Demo/Prefabs/Complex/Round-a-Bout r=30m 8-Way.prefab
  artifactKey: Guid(b5727b2519161644894c91b29cc1c130) Importer(815301076,1909f56bfc062723c751e8b465ee728b)
Start importing Assets/Barmetler/Road System/Demo/Prefabs/Complex/Round-a-Bout r=30m 8-Way.prefab using Guid(b5727b2519161644894c91b29cc1c130) Importer(815301076,1909f56bfc062723c751e8b465ee728b)  -> (artifact id: '4827062d408c7db77253bc1c28b92b93') in 0.044096 seconds 
========================================================================
Received Import Request.
  Time since last request: 4.964094 seconds.
  path: Assets/Barmetler/Road System/Demo/Prefabs/Roads/Road 2-Lane Ground.prefab
  artifactKey: Guid(05f58740ddf6f854a9d8d8d0277b394d) Importer(815301076,1909f56bfc062723c751e8b465ee728b)
Start importing Assets/Barmetler/Road System/Demo/Prefabs/Roads/Road 2-Lane Ground.prefab using Guid(05f58740ddf6f854a9d8d8d0277b394d) Importer(815301076,1909f56bfc062723c751e8b465ee728b)  -> (artifact id: 'fe32b2d74b51368239842a43754200b9') in 0.127203 seconds 
========================================================================
Received Import Request.
  Time since last request: 0.000018 seconds.
  path: Assets/Barmetler/Road System/Demo/Prefabs/Roads/Road 2-Lane.prefab
  artifactKey: Guid(e29301b968a402d479a344fb4eafa3b4) Importer(815301076,1909f56bfc062723c751e8b465ee728b)
Start importing Assets/Barmetler/Road System/Demo/Prefabs/Roads/Road 2-Lane.prefab using Guid(e29301b968a402d479a344fb4eafa3b4) Importer(815301076,1909f56bfc062723c751e8b465ee728b)  -> (artifact id: '978acaca7a43bd67942d900449c3a4e3') in 0.007690 seconds 
========================================================================
Received Import Request.
  Time since last request: 0.000018 seconds.
  path: Assets/Barmetler/Road System/Demo/Prefabs/Roads/Road 4-Lane.prefab
  artifactKey: Guid(4772468768a9b1e49b55b9f20cd8d6cc) Importer(815301076,1909f56bfc062723c751e8b465ee728b)
Start importing Assets/Barmetler/Road System/Demo/Prefabs/Roads/Road 4-Lane.prefab using Guid(4772468768a9b1e49b55b9f20cd8d6cc) Importer(815301076,1909f56bfc062723c751e8b465ee728b)  -> (artifact id: '535a8150b2f104def134d5e01dd63317') in 0.045971 seconds 
========================================================================
Received Import Request.
  Time since last request: 0.000022 seconds.
  path: Assets/Barmetler/Road System/Demo/Prefabs/Roads/Road 4-Lane Bridge.prefab
  artifactKey: Guid(041597e523e7aaf44ac392f49d57734e) Importer(815301076,1909f56bfc062723c751e8b465ee728b)
Start importing Assets/Barmetler/Road System/Demo/Prefabs/Roads/Road 4-Lane Bridge.prefab using Guid(041597e523e7aaf44ac392f49d57734e) Importer(815301076,1909f56bfc062723c751e8b465ee728b)  -> (artifact id: '551ae8ca4c1da0c16c60b59c6b6e7490') in 0.020405 seconds 
========================================================================
Received Import Request.
  Time since last request: 6.537101 seconds.
  path: Assets/Barmetler/Road System/Demo/Textures/Concrete031_1K_AmbientOcclusion.png
  artifactKey: Guid(8d44438de1cb8f840a55f8657eb38bb7) Importer(815301076,1909f56bfc062723c751e8b465ee728b)
Start importing Assets/Barmetler/Road System/Demo/Textures/Concrete031_1K_AmbientOcclusion.png using Guid(8d44438de1cb8f840a55f8657eb38bb7) Importer(815301076,1909f56bfc062723c751e8b465ee728b)  -> (artifact id: '91d529564ab38bc3c99f091b0417dd5b') in 0.207792 seconds 
========================================================================
Received Import Request.
  Time since last request: 0.000044 seconds.
  path: Assets/Barmetler/Road System/Demo/Textures/PavingStones081_1K_Displacement.png
  artifactKey: Guid(baf45e6bccc874f4684f74cf8bb25201) Importer(815301076,1909f56bfc062723c751e8b465ee728b)
Start importing Assets/Barmetler/Road System/Demo/Textures/PavingStones081_1K_Displacement.png using Guid(baf45e6bccc874f4684f74cf8bb25201) Importer(815301076,1909f56bfc062723c751e8b465ee728b)  -> (artifact id: '5667f562a4a6c09c9000b253163e1e7f') in 0.047915 seconds 
========================================================================
Received Import Request.
  Time since last request: 0.000081 seconds.
  path: Assets/Barmetler/Road System/Demo/Textures/PavingStones081_1K_Metallic_Smoothness.png
  artifactKey: Guid(f10a26d5bb96c034bb96e5a609bbc9b5) Importer(815301076,1909f56bfc062723c751e8b465ee728b)
Start importing Assets/Barmetler/Road System/Demo/Textures/PavingStones081_1K_Metallic_Smoothness.png using Guid(f10a26d5bb96c034bb96e5a609bbc9b5) Importer(815301076,1909f56bfc062723c751e8b465ee728b)  -> (artifact id: '266730b80dfee862569554fd20c62c42') in 0.053885 seconds 
========================================================================
Received Import Request.
  Time since last request: 0.000038 seconds.
  path: Assets/Barmetler/Road System/Demo/Textures/PavingStones081_1K_Color.png
  artifactKey: Guid(f56148b93ddb36b449f2b96d0589dc7e) Importer(815301076,1909f56bfc062723c751e8b465ee728b)
Start importing Assets/Barmetler/Road System/Demo/Textures/PavingStones081_1K_Color.png using Guid(f56148b93ddb36b449f2b96d0589dc7e) Importer(815301076,1909f56bfc062723c751e8b465ee728b)  -> (artifact id: '98607e7f3e89ccdca29143521fb6aae5') in 0.049732 seconds 
========================================================================
Received Import Request.
  Time since last request: 0.000035 seconds.
  path: Assets/Barmetler/Road System/Demo/Textures/PavingStones081_1K_Normal.png
  artifactKey: Guid(270992011df7de341863c7bbcec2b9d2) Importer(815301076,1909f56bfc062723c751e8b465ee728b)
Start importing Assets/Barmetler/Road System/Demo/Textures/PavingStones081_1K_Normal.png using Guid(270992011df7de341863c7bbcec2b9d2) Importer(815301076,1909f56bfc062723c751e8b465ee728b)  -> (artifact id: '3a5277ebf4e3a5a225350c57ded022c8') in 0.048112 seconds 
========================================================================
Received Import Request.
  Time since last request: 0.000043 seconds.
  path: Assets/Barmetler/Road System/Demo/Textures/PavingStones081_1K_Roughness.png
  artifactKey: Guid(f9fe2d9eb2cb1dd4faf463090831b977) Importer(815301076,1909f56bfc062723c751e8b465ee728b)
Start importing Assets/Barmetler/Road System/Demo/Textures/PavingStones081_1K_Roughness.png using Guid(f9fe2d9eb2cb1dd4faf463090831b977) Importer(815301076,1909f56bfc062723c751e8b465ee728b)  -> (artifact id: '362d77d083d4cfa5244fae185a7d049c') in 0.095923 seconds 
========================================================================
Received Import Request.
  Time since last request: 0.000056 seconds.
  path: Assets/Barmetler/Road System/Demo/Textures/Road007_1K_Roughness.png
  artifactKey: Guid(6be347e0be7382440bc9905c13482208) Importer(815301076,1909f56bfc062723c751e8b465ee728b)
Start importing Assets/Barmetler/Road System/Demo/Textures/Road007_1K_Roughness.png using Guid(6be347e0be7382440bc9905c13482208) Importer(815301076,1909f56bfc062723c751e8b465ee728b)  -> (artifact id: '580dbf78218fb9d246d24886839f53a2') in 0.083743 seconds 
========================================================================
Received Import Request.
  Time since last request: 0.000035 seconds.
  path: Assets/Barmetler/Road System/Demo/Textures/Concrete031_1K_Color.png
  artifactKey: Guid(d40dc52a0b554174bac423ad819f1a12) Importer(815301076,1909f56bfc062723c751e8b465ee728b)
Start importing Assets/Barmetler/Road System/Demo/Textures/Concrete031_1K_Color.png using Guid(d40dc52a0b554174bac423ad819f1a12) Importer(815301076,1909f56bfc062723c751e8b465ee728b)  -> (artifact id: 'f5b179e4564f2044f8b4097ad7306a88') in 0.094302 seconds 
========================================================================
Received Import Request.
  Time since last request: 0.000054 seconds.
  path: Assets/Barmetler/Road System/Demo/Textures/Road007_1K_Color.png
  artifactKey: Guid(c40c592ae3c7fe440be5f5bfbf59f1fd) Importer(815301076,1909f56bfc062723c751e8b465ee728b)
Start importing Assets/Barmetler/Road System/Demo/Textures/Road007_1K_Color.png using Guid(c40c592ae3c7fe440be5f5bfbf59f1fd) Importer(815301076,1909f56bfc062723c751e8b465ee728b)  -> (artifact id: 'c58295c6ae958d17c972e7fef7fb1ebe') in 0.035608 seconds 
========================================================================
Received Import Request.
  Time since last request: 0.000067 seconds.
  path: Assets/Barmetler/Road System/Demo/Textures/RS_Debug.png
  artifactKey: Guid(f1f43af4ee0ef4d4a926a9ac91c66de7) Importer(815301076,1909f56bfc062723c751e8b465ee728b)
Start importing Assets/Barmetler/Road System/Demo/Textures/RS_Debug.png using Guid(f1f43af4ee0ef4d4a926a9ac91c66de7) Importer(815301076,1909f56bfc062723c751e8b465ee728b)  -> (artifact id: 'ed1d05b03629cedaff4e84f6ad094a5b') in 0.051911 seconds 
========================================================================
Received Import Request.
  Time since last request: 0.000038 seconds.
  path: Assets/Barmetler/Road System/Demo/Textures/Concrete031_1K_Roughness.png
  artifactKey: Guid(5f62c64612acc4f439dda8c2e109fcc3) Importer(815301076,1909f56bfc062723c751e8b465ee728b)
Start importing Assets/Barmetler/Road System/Demo/Textures/Concrete031_1K_Roughness.png using Guid(5f62c64612acc4f439dda8c2e109fcc3) Importer(815301076,1909f56bfc062723c751e8b465ee728b)  -> (artifact id: '4c8d6e1cc86d3a1c0b3309566609c2b5') in 0.070573 seconds 
========================================================================
Received Import Request.
  Time since last request: 0.000033 seconds.
  path: Assets/Barmetler/Road System/Demo/Textures/Road007_1K_Displacement.png
  artifactKey: Guid(2f96f8ea67101a24587b0e4a6e5f0a0b) Importer(815301076,1909f56bfc062723c751e8b465ee728b)
Start importing Assets/Barmetler/Road System/Demo/Textures/Road007_1K_Displacement.png using Guid(2f96f8ea67101a24587b0e4a6e5f0a0b) Importer(815301076,1909f56bfc062723c751e8b465ee728b)  -> (artifact id: 'a2c91716991eeecb67d297dcd73c92d3') in 0.023030 seconds 
========================================================================
Received Import Request.
  Time since last request: 0.000034 seconds.
  path: Assets/Barmetler/Road System/Demo/Textures/PavingStones081_1K_AmbientOcclusion.png
  artifactKey: Guid(1d520e8848e961b4a81018df489f3265) Importer(815301076,1909f56bfc062723c751e8b465ee728b)
Start importing Assets/Barmetler/Road System/Demo/Textures/PavingStones081_1K_AmbientOcclusion.png using Guid(1d520e8848e961b4a81018df489f3265) Importer(815301076,1909f56bfc062723c751e8b465ee728b)  -> (artifact id: 'e46d4a29dfd8569ae74b481b4ca1b2ca') in 0.023966 seconds 
========================================================================
Received Import Request.
  Time since last request: 0.000086 seconds.
  path: Assets/Barmetler/Road System/Demo/Textures/Concrete031_1K_Normal.png
  artifactKey: Guid(3649bcf9143ad0b47a5c4b25ee0f9df3) Importer(815301076,1909f56bfc062723c751e8b465ee728b)
Start importing Assets/Barmetler/Road System/Demo/Textures/Concrete031_1K_Normal.png using Guid(3649bcf9143ad0b47a5c4b25ee0f9df3) Importer(815301076,1909f56bfc062723c751e8b465ee728b)  -> (artifact id: '34b89cd32b801228fc4c51106c198512') in 0.071811 seconds 
========================================================================
Received Import Request.
  Time since last request: 0.000052 seconds.
  path: Assets/Barmetler/Road System/Demo/Textures/Concrete031_1K_Metallic_Smoothness.png
  artifactKey: Guid(0d2584d597d5eee4c8a3e3ba899e19ae) Importer(815301076,1909f56bfc062723c751e8b465ee728b)
Start importing Assets/Barmetler/Road System/Demo/Textures/Concrete031_1K_Metallic_Smoothness.png using Guid(0d2584d597d5eee4c8a3e3ba899e19ae) Importer(815301076,1909f56bfc062723c751e8b465ee728b)  -> (artifact id: '06e227640c55959d8a2daece76823f86') in 0.132139 seconds 
========================================================================
Received Import Request.
  Time since last request: 0.000064 seconds.
  path: Assets/Barmetler/Road System/Demo/Textures/Road007_1K_Metallic_Smoothness.png
  artifactKey: Guid(95ee1fd3d5377fe4cbec254a36aabb2e) Importer(815301076,1909f56bfc062723c751e8b465ee728b)
Start importing Assets/Barmetler/Road System/Demo/Textures/Road007_1K_Metallic_Smoothness.png using Guid(95ee1fd3d5377fe4cbec254a36aabb2e) Importer(815301076,1909f56bfc062723c751e8b465ee728b)  -> (artifact id: '6b32b9045cfbe2c84646ab16a7dec501') in 0.045915 seconds 
========================================================================
Received Import Request.
  Time since last request: 0.000092 seconds.
  path: Assets/Barmetler/Road System/Demo/Textures/Concrete031_1K_Displacement.png
  artifactKey: Guid(637c78bcb820c7f4da81fa2a5f3a2989) Importer(815301076,1909f56bfc062723c751e8b465ee728b)
Start importing Assets/Barmetler/Road System/Demo/Textures/Concrete031_1K_Displacement.png using Guid(637c78bcb820c7f4da81fa2a5f3a2989) Importer(815301076,1909f56bfc062723c751e8b465ee728b)  -> (artifact id: 'dded0ebd804156c0659efca099e494ab') in 0.153916 seconds 
========================================================================
Received Import Request.
  Time since last request: 0.000094 seconds.
  path: Assets/Barmetler/Road System/Demo/Textures/Road007_1K_Normal.png
  artifactKey: Guid(03da1f8fe165f1d47affe49bfd327e69) Importer(815301076,1909f56bfc062723c751e8b465ee728b)
Start importing Assets/Barmetler/Road System/Demo/Textures/Road007_1K_Normal.png using Guid(03da1f8fe165f1d47affe49bfd327e69) Importer(815301076,1909f56bfc062723c751e8b465ee728b)  -> (artifact id: 'a603ce3a5643fde19b5015baf626dafe') in 0.052965 seconds 
========================================================================
Received Import Request.
  Time since last request: 0.161751 seconds.
  path: Assets/Barmetler/Road System/Demo/Scenes/ExampleSystem.unity
  artifactKey: Guid(56c3121f2567eef4d8142d0f9fae2b84) Importer(815301076,1909f56bfc062723c751e8b465ee728b)
Start importing Assets/Barmetler/Road System/Demo/Scenes/ExampleSystem.unity using Guid(56c3121f2567eef4d8142d0f9fae2b84) Importer(815301076,1909f56bfc062723c751e8b465ee728b)  -> (artifact id: '1ca8ebfb64fee738387031a59c8772a1') in 0.017308 seconds 
========================================================================
Received Import Request.
  Time since last request: 14.075899 seconds.
  path: Assets/Barmetler/Road System/Demo/Prefabs/Objects/CurvedT.prefab
  artifactKey: Guid(66044d4de168f3b479dd3b3b516746f3) Importer(815301076,1909f56bfc062723c751e8b465ee728b)
Start importing Assets/Barmetler/Road System/Demo/Prefabs/Objects/CurvedT.prefab using Guid(66044d4de168f3b479dd3b3b516746f3) Importer(815301076,1909f56bfc062723c751e8b465ee728b)  -> (artifact id: '0f337f38e9a155ea2d35a111c771ece7') in 0.039568 seconds 
========================================================================
Received Import Request.
  Time since last request: 0.000023 seconds.
  path: Assets/Barmetler/Road System/Demo/Prefabs/Objects/End.prefab
  artifactKey: Guid(d420cf6537838074ab199ad917dc2136) Importer(815301076,1909f56bfc062723c751e8b465ee728b)
Start importing Assets/Barmetler/Road System/Demo/Prefabs/Objects/End.prefab using Guid(d420cf6537838074ab199ad917dc2136) Importer(815301076,1909f56bfc062723c751e8b465ee728b)  -> (artifact id: '6c91978479ba6d67d8119b23450719c8') in 0.058790 seconds 
========================================================================
Received Import Request.
  Time since last request: 0.000028 seconds.
  path: Assets/Barmetler/Road System/Demo/Prefabs/Objects/Straight 4 Lane Bridge.prefab
  artifactKey: Guid(f7f9d660bbb09e84ab158d38eb695ecc) Importer(815301076,1909f56bfc062723c751e8b465ee728b)
Start importing Assets/Barmetler/Road System/Demo/Prefabs/Objects/Straight 4 Lane Bridge.prefab using Guid(f7f9d660bbb09e84ab158d38eb695ecc) Importer(815301076,1909f56bfc062723c751e8b465ee728b)  -> (artifact id: 'e9b94308cf8ab7dc071c2e0d078ae5fa') in 0.067268 seconds 
========================================================================
Received Import Request.
  Time since last request: 0.000029 seconds.
  path: Assets/Barmetler/Road System/Demo/Prefabs/Objects/Straight.prefab
  artifactKey: Guid(9115a2419864b874e8cdb22e61765149) Importer(815301076,1909f56bfc062723c751e8b465ee728b)
Start importing Assets/Barmetler/Road System/Demo/Prefabs/Objects/Straight.prefab using Guid(9115a2419864b874e8cdb22e61765149) Importer(815301076,1909f56bfc062723c751e8b465ee728b)  -> (artifact id: 'f0352c33944f422ceae920aae841dc28') in 0.023823 seconds 
========================================================================
Received Import Request.
  Time since last request: 0.000028 seconds.
  path: Assets/Barmetler/Road System/Demo/Prefabs/Objects/Straight 4 Lane.prefab
  artifactKey: Guid(22359693c0c3c284fb25a6e49b4614e8) Importer(815301076,1909f56bfc062723c751e8b465ee728b)
Start importing Assets/Barmetler/Road System/Demo/Prefabs/Objects/Straight 4 Lane.prefab using Guid(22359693c0c3c284fb25a6e49b4614e8) Importer(815301076,1909f56bfc062723c751e8b465ee728b)  -> (artifact id: '64400c0e60ac54813e098e222e8f5eb6') in 0.023201 seconds 
========================================================================
Received Import Request.
  Time since last request: 0.000031 seconds.
  path: Assets/Barmetler/Road System/Demo/Prefabs/Objects/Transition 2-4.prefab
  artifactKey: Guid(6b3b1bfe18f2a114c9fd84f0a9f03002) Importer(815301076,1909f56bfc062723c751e8b465ee728b)
Start importing Assets/Barmetler/Road System/Demo/Prefabs/Objects/Transition 2-4.prefab using Guid(6b3b1bfe18f2a114c9fd84f0a9f03002) Importer(815301076,1909f56bfc062723c751e8b465ee728b)  -> (artifact id: '682502e7a829168da0723e11c7b6fb0d') in 0.043969 seconds 
========================================================================
Received Import Request.
  Time since last request: 0.000034 seconds.
  path: Assets/Barmetler/Road System/Demo/Prefabs/Objects/Straight Ground.prefab
  artifactKey: Guid(f3396ab6f4bb1f24ca7a7c686c14de6f) Importer(815301076,1909f56bfc062723c751e8b465ee728b)
Start importing Assets/Barmetler/Road System/Demo/Prefabs/Objects/Straight Ground.prefab using Guid(f3396ab6f4bb1f24ca7a7c686c14de6f) Importer(815301076,1909f56bfc062723c751e8b465ee728b)  -> (artifact id: '3ba1fc8e2c13e68b1bd522983340858e') in 0.024878 seconds 
========================================================================
Received Import Request.
  Time since last request: 0.000020 seconds.
  path: Assets/Barmetler/Road System/Demo/Prefabs/Objects/Intersection.prefab
  artifactKey: Guid(bfe413d00b5ac35449e7daf60a39b620) Importer(815301076,1909f56bfc062723c751e8b465ee728b)
Start importing Assets/Barmetler/Road System/Demo/Prefabs/Objects/Intersection.prefab using Guid(bfe413d00b5ac35449e7daf60a39b620) Importer(815301076,1909f56bfc062723c751e8b465ee728b)  -> (artifact id: '2ef2505a71ad39ef760c28e752d19cf1') in 0.023707 seconds 
========================================================================
Received Import Request.
  Time since last request: 0.000037 seconds.
  path: Assets/Barmetler/Road System/Demo/Prefabs/Objects/IntersectionT.prefab
  artifactKey: Guid(3e085b4753ef4da4fabaa5799d61aaa8) Importer(815301076,1909f56bfc062723c751e8b465ee728b)
Start importing Assets/Barmetler/Road System/Demo/Prefabs/Objects/IntersectionT.prefab using Guid(3e085b4753ef4da4fabaa5799d61aaa8) Importer(815301076,1909f56bfc062723c751e8b465ee728b)  -> (artifact id: 'd68aef4ea669f926b6c6e66d1cdcc604') in 0.025448 seconds 
========================================================================
Received Import Request.
  Time since last request: 3.225152 seconds.
  path: Assets/Barmetler/Road System/Demo/Prefabs/Intersections/Intersection 3-Way Curved r=30m.prefab
  artifactKey: Guid(a4875ee1605f63c4fa930ffee0371b91) Importer(815301076,1909f56bfc062723c751e8b465ee728b)
Start importing Assets/Barmetler/Road System/Demo/Prefabs/Intersections/Intersection 3-Way Curved r=30m.prefab using Guid(a4875ee1605f63c4fa930ffee0371b91) Importer(815301076,1909f56bfc062723c751e8b465ee728b)  -> (artifact id: 'b8360181ec079d8b3f4da43221ebc750') in 0.021723 seconds 
========================================================================
Received Import Request.
  Time since last request: 0.000020 seconds.
  path: Assets/Barmetler/Road System/Demo/Prefabs/Intersections/Intersection End.prefab
  artifactKey: Guid(c59d778336a0d4f4fbf7f92086d9c551) Importer(815301076,1909f56bfc062723c751e8b465ee728b)
Start importing Assets/Barmetler/Road System/Demo/Prefabs/Intersections/Intersection End.prefab using Guid(c59d778336a0d4f4fbf7f92086d9c551) Importer(815301076,1909f56bfc062723c751e8b465ee728b)  -> (artifact id: '757aa0de3de9f425e3a35a6721204b27') in 0.019203 seconds 
========================================================================
Received Import Request.
  Time since last request: 0.000025 seconds.
  path: Assets/Barmetler/Road System/Demo/Prefabs/Intersections/Transition 2-4.prefab
  artifactKey: Guid(5454162f7468e5948b3b473b692e8a6c) Importer(815301076,1909f56bfc062723c751e8b465ee728b)
Start importing Assets/Barmetler/Road System/Demo/Prefabs/Intersections/Transition 2-4.prefab using Guid(5454162f7468e5948b3b473b692e8a6c) Importer(815301076,1909f56bfc062723c751e8b465ee728b)  -> (artifact id: 'c0d9f1f46f16b5d2bc4849773a6e5e7a') in 0.145627 seconds 
========================================================================
Received Import Request.
  Time since last request: 0.000030 seconds.
  path: Assets/Barmetler/Road System/Demo/Prefabs/Intersections/Intersection Road Ground.prefab
  artifactKey: Guid(138712c3d79f27c47b9a733ee8c0fcd8) Importer(815301076,1909f56bfc062723c751e8b465ee728b)
Start importing Assets/Barmetler/Road System/Demo/Prefabs/Intersections/Intersection Road Ground.prefab using Guid(138712c3d79f27c47b9a733ee8c0fcd8) Importer(815301076,1909f56bfc062723c751e8b465ee728b)  -> (artifact id: '179d6369739f055c18ea6951feee8ae1') in 0.026838 seconds 
========================================================================
Received Import Request.
  Time since last request: 0.000020 seconds.
  path: Assets/Barmetler/Road System/Demo/Prefabs/Intersections/Intersection 3-Way.prefab
  artifactKey: Guid(7fe8ce0f404eb5d4aa6478e4f16ee46f) Importer(815301076,1909f56bfc062723c751e8b465ee728b)
Start importing Assets/Barmetler/Road System/Demo/Prefabs/Intersections/Intersection 3-Way.prefab using Guid(7fe8ce0f404eb5d4aa6478e4f16ee46f) Importer(815301076,1909f56bfc062723c751e8b465ee728b)  -> (artifact id: '35f2f53d4206aadfa1bc0a342c0289f4') in 0.028669 seconds 
========================================================================
Received Import Request.
  Time since last request: 0.000023 seconds.
  path: Assets/Barmetler/Road System/Demo/Prefabs/Intersections/Intersection Road 4-Lane.prefab
  artifactKey: Guid(939ca84dc88d06d40a1ce939cfb6f1b3) Importer(815301076,1909f56bfc062723c751e8b465ee728b)
Start importing Assets/Barmetler/Road System/Demo/Prefabs/Intersections/Intersection Road 4-Lane.prefab using Guid(939ca84dc88d06d40a1ce939cfb6f1b3) Importer(815301076,1909f56bfc062723c751e8b465ee728b)  -> (artifact id: '00e6c262b46f3186d106ba99f615cd98') in 0.030535 seconds 
========================================================================
Received Import Request.
  Time since last request: 0.000025 seconds.
  path: Assets/Barmetler/Road System/Demo/Prefabs/Intersections/Intersection Road 4-Lane Bridge.prefab
  artifactKey: Guid(070bc2339e9afb843aff483f80fc2abb) Importer(815301076,1909f56bfc062723c751e8b465ee728b)
Start importing Assets/Barmetler/Road System/Demo/Prefabs/Intersections/Intersection Road 4-Lane Bridge.prefab using Guid(070bc2339e9afb843aff483f80fc2abb) Importer(815301076,1909f56bfc062723c751e8b465ee728b)  -> (artifact id: '68e6e91200bdadde47c8f36f8e1413ba') in 0.033357 seconds 
========================================================================
Received Import Request.
  Time since last request: 0.000029 seconds.
  path: Assets/Barmetler/Road System/Demo/Prefabs/Intersections/Intersection Road.prefab
  artifactKey: Guid(bed84fb6f5ec1a44da7254ca9b38cc3b) Importer(815301076,1909f56bfc062723c751e8b465ee728b)
Start importing Assets/Barmetler/Road System/Demo/Prefabs/Intersections/Intersection Road.prefab using Guid(bed84fb6f5ec1a44da7254ca9b38cc3b) Importer(815301076,1909f56bfc062723c751e8b465ee728b)  -> (artifact id: 'f249ef38585e577b4358ef26c0b74694') in 0.028916 seconds 
========================================================================
Received Import Request.
  Time since last request: 0.000021 seconds.
  path: Assets/Barmetler/Road System/Demo/Prefabs/Intersections/Intersection 4-Way.prefab
  artifactKey: Guid(f835d49440c494149897d924b7d8661c) Importer(815301076,1909f56bfc062723c751e8b465ee728b)
Start importing Assets/Barmetler/Road System/Demo/Prefabs/Intersections/Intersection 4-Way.prefab using Guid(f835d49440c494149897d924b7d8661c) Importer(815301076,1909f56bfc062723c751e8b465ee728b)  -> (artifact id: '6c70ef55dd5dad636f744a61515b5c1a') in 0.023791 seconds 
========================================================================
Received Import Request.
  Time since last request: 59.658464 seconds.
  path: Assets/Barmetler/Road System/Resources
  artifactKey: Guid(5fee7915ba7fe84459eed88a721cf0f1) Importer(815301076,1909f56bfc062723c751e8b465ee728b)
Start importing Assets/Barmetler/Road System/Resources using Guid(5fee7915ba7fe84459eed88a721cf0f1) Importer(815301076,1909f56bfc062723c751e8b465ee728b)  -> (artifact id: 'a88f46050ea3052ed0f3469f056913e9') in 0.008447 seconds 
========================================================================
Received Import Request.
  Time since last request: 12.855358 seconds.
  path: Assets/Barmetler/Road System/Demo/Scenes/ExampleSystem
  artifactKey: Guid(5368335bf46d6134fa7a72c6b59b4ac1) Importer(815301076,1909f56bfc062723c751e8b465ee728b)
Start importing Assets/Barmetler/Road System/Demo/Scenes/ExampleSystem using Guid(5368335bf46d6134fa7a72c6b59b4ac1) Importer(815301076,1909f56bfc062723c751e8b465ee728b)  -> (artifact id: 'b6cdfdd5247ad0046a971cac66e869af') in 0.009219 seconds 
========================================================================
Received Import Request.
  Time since last request: 0.047825 seconds.
  path: Assets/Barmetler/Road System/Demo/Scenes/ExampleSystem/LightingData.asset
  artifactKey: Guid(e717076928bd28e47b63e7a76def1766) Importer(815301076,1909f56bfc062723c751e8b465ee728b)
Start importing Assets/Barmetler/Road System/Demo/Scenes/ExampleSystem/LightingData.asset using Guid(e717076928bd28e47b63e7a76def1766) Importer(815301076,1909f56bfc062723c751e8b465ee728b)  -> (artifact id: '5e9b499296413a67dfe39444cf9d4412') in 0.232759 seconds 
========================================================================
Received Import Request.
  Time since last request: 0.000057 seconds.
  path: Assets/Barmetler/Road System/Demo/Scenes/ExampleSystem/ReflectionProbe-0.exr
  artifactKey: Guid(7f2692a1ccd6ddf4a97e6bec474960e1) Importer(815301076,1909f56bfc062723c751e8b465ee728b)
Start importing Assets/Barmetler/Road System/Demo/Scenes/ExampleSystem/ReflectionProbe-0.exr using Guid(7f2692a1ccd6ddf4a97e6bec474960e1) Importer(815301076,1909f56bfc062723c751e8b465ee728b)  -> (artifact id: '74b088b42ba8973ab5f322643f7e2bee') in 0.063303 seconds 
========================================================================
Received Import Request.
  Time since last request: 24.010920 seconds.
  path: Assets/Barmetler/Road System/Demo/Scenes/ExampleSystem/New Lighting Settings.lighting
  artifactKey: Guid(f14063bad02e7184eb45e9ead6e1d8c0) Importer(815301076,1909f56bfc062723c751e8b465ee728b)
Start importing Assets/Barmetler/Road System/Demo/Scenes/ExampleSystem/New Lighting Settings.lighting using Guid(f14063bad02e7184eb45e9ead6e1d8c0) Importer(815301076,1909f56bfc062723c751e8b465ee728b)  -> (artifact id: '1c64bb92a711574075af9fa586ed1f13') in 0.020951 seconds 
========================================================================
Received Prepare
Registering precompiled user dll's ...
Registered in 0.005457 seconds.
Begin MonoManager ReloadAssembly
Symbol file LoadedFromMemory doesn't match image D:\DOCUMENTS\DHXD\IV hoc ki 1\BLOCK-2\DoAnDHMT\DHMT_ThaiND_177564\Library\PackageCache\com.unity.visualscripting@1.7.8\Editor\VisualScripting.Core\Dependencies\YamlDotNet\Unity.VisualScripting.YamlDotNet.dll
Symbol file LoadedFromMemory doesn't match image D:\DOCUMENTS\DHXD\IV hoc ki 1\BLOCK-2\DoAnDHMT\DHMT_ThaiND_177564\Library\PackageCache\com.unity.visualscripting@1.7.8\Editor\VisualScripting.Core\Dependencies\DotNetZip\Unity.VisualScripting.IonicZip.dll
Native extension for WindowsStandalone target not found
Native extension for WebGL target not found
Refreshing native plugins compatible for Editor in 2.03 ms, found 3 plugins.
Preloading 0 native plugins for Editor in 0.00 ms.
Mono: successfully reloaded assembly
- Completed reload, in  2.349 seconds
Domain Reload Profiling:
	ReloadAssembly (2351ms)
		BeginReloadAssembly (181ms)
			ExecutionOrderSort (0ms)
			DisableScriptedObjects (9ms)
			BackupInstance (0ms)
			ReleaseScriptingObjects (0ms)
			CreateAndSetChildDomain (44ms)
		EndReloadAssembly (1999ms)
			LoadAssemblies (132ms)
			RebuildTransferFunctionScriptingTraits (0ms)
			SetupTypeCache (689ms)
			ReleaseScriptCaches (3ms)
			RebuildScriptCaches (111ms)
			SetupLoadedEditorAssemblies (904ms)
				LogAssemblyErrors (0ms)
				InitializePlatformSupportModulesInManaged (45ms)
				SetLoadedEditorAssemblies (1ms)
				RefreshPlugins (2ms)
				BeforeProcessingInitializeOnLoad (189ms)
				ProcessInitializeOnLoadAttributes (563ms)
				ProcessInitializeOnLoadMethodAttributes (84ms)
				AfterProcessingInitializeOnLoad (19ms)
				EditorAssembliesLoaded (0ms)
			ExecutionOrderSort2 (0ms)
			AwakeInstancesAfterBackupRestoration (14ms)
Platform modules already initialized, skipping
Refreshing native plugins compatible for Editor in 3.06 ms, found 3 plugins.
Preloading 0 native plugins for Editor in 0.00 ms.
Unloading 3446 Unused Serialized files (Serialized files now loaded: 0)
Unloading 37 unused Assets / (384.9 KB). Loaded Objects now: 4009.
Memory consumption went from 136.7 MB to 136.3 MB.
Total: 5.201400 ms (FindLiveObjects: 0.324800 ms CreateObjectMapping: 0.210100 ms MarkObjects: 4.392400 ms  DeleteObjects: 0.273000 ms)

AssetImportParameters requested are different than current active one (requested -> active):
  custom:video-decoder-ogg-theora: a1e56fd34408186e4bbccfd4996cb3dc -> 
  custom:container-muxer-webm: aa71ff27fc2769a1b78a27578f13a17b -> 
  custom:container-demuxer-webm: 4f35f7cbe854078d1ac9338744f61a02 -> 
  custom:video-encoder-webm-vp8: eb34c28f22e8b96e1ab97ce403110664 -> 
  custom:audio-encoder-webm-vorbis: bf7c407c2cedff20999df2af8eb42d56 -> 
  custom:framework-win-MediaFoundation: 216162199b28c13a410421893ffa2e32 -> 
  custom:container-demuxer-ogg: 62fdf1f143b41e24485cea50d1cbac27 -> 
  custom:video-decoder-webm-vp8: 9c59270c3fd7afecdb556c50c9e8de78 -> 
  custom:audio-decoder-ogg-vorbis: bf7c407c2cedff20999df2af8eb42d56 -> 
========================================================================
Received Prepare
Registering precompiled user dll's ...
Registered in 0.005315 seconds.
Begin MonoManager ReloadAssembly
Symbol file LoadedFromMemory doesn't match image D:\DOCUMENTS\DHXD\IV hoc ki 1\BLOCK-2\DoAnDHMT\DHMT_ThaiND_177564\Library\PackageCache\com.unity.visualscripting@1.7.8\Editor\VisualScripting.Core\Dependencies\YamlDotNet\Unity.VisualScripting.YamlDotNet.dll
Symbol file LoadedFromMemory doesn't match image D:\DOCUMENTS\DHXD\IV hoc ki 1\BLOCK-2\DoAnDHMT\DHMT_ThaiND_177564\Library\PackageCache\com.unity.visualscripting@1.7.8\Editor\VisualScripting.Core\Dependencies\DotNetZip\Unity.VisualScripting.IonicZip.dll
Native extension for WindowsStandalone target not found
Native extension for WebGL target not found
Refreshing native plugins compatible for Editor in 1.75 ms, found 3 plugins.
Preloading 0 native plugins for Editor in 0.00 ms.
Mono: successfully reloaded assembly
- Completed reload, in  1.721 seconds
Domain Reload Profiling:
	ReloadAssembly (1723ms)
		BeginReloadAssembly (204ms)
			ExecutionOrderSort (0ms)
			DisableScriptedObjects (7ms)
			BackupInstance (0ms)
			ReleaseScriptingObjects (0ms)
			CreateAndSetChildDomain (56ms)
		EndReloadAssembly (1395ms)
			LoadAssemblies (125ms)
			RebuildTransferFunctionScriptingTraits (0ms)
			SetupTypeCache (465ms)
			ReleaseScriptCaches (2ms)
			RebuildScriptCaches (78ms)
			SetupLoadedEditorAssemblies (638ms)
				LogAssemblyErrors (0ms)
				InitializePlatformSupportModulesInManaged (33ms)
				SetLoadedEditorAssemblies (1ms)
				RefreshPlugins (2ms)
				BeforeProcessingInitializeOnLoad (134ms)
				ProcessInitializeOnLoadAttributes (406ms)
				ProcessInitializeOnLoadMethodAttributes (43ms)
				AfterProcessingInitializeOnLoad (19ms)
				EditorAssembliesLoaded (0ms)
			ExecutionOrderSort2 (0ms)
			AwakeInstancesAfterBackupRestoration (17ms)
Platform modules already initialized, skipping
Refreshing native plugins compatible for Editor in 2.74 ms, found 3 plugins.
Preloading 0 native plugins for Editor in 0.00 ms.
Unloading 3446 Unused Serialized files (Serialized files now loaded: 0)
Unloading 20 unused Assets / (376.7 KB). Loaded Objects now: 4012.
Memory consumption went from 136.6 MB to 136.2 MB.
Total: 6.824800 ms (FindLiveObjects: 0.811500 ms CreateObjectMapping: 0.478800 ms MarkObjects: 5.213100 ms  DeleteObjects: 0.319000 ms)

AssetImportParameters requested are different than current active one (requested -> active):
  custom:video-decoder-ogg-theora: a1e56fd34408186e4bbccfd4996cb3dc -> 
  custom:container-muxer-webm: aa71ff27fc2769a1b78a27578f13a17b -> 
  custom:container-demuxer-webm: 4f35f7cbe854078d1ac9338744f61a02 -> 
  custom:video-encoder-webm-vp8: eb34c28f22e8b96e1ab97ce403110664 -> 
  custom:audio-encoder-webm-vorbis: bf7c407c2cedff20999df2af8eb42d56 -> 
  custom:framework-win-MediaFoundation: 216162199b28c13a410421893ffa2e32 -> 
  custom:container-demuxer-ogg: 62fdf1f143b41e24485cea50d1cbac27 -> 
  custom:video-decoder-webm-vp8: 9c59270c3fd7afecdb556c50c9e8de78 -> 
  custom:audio-decoder-ogg-vorbis: bf7c407c2cedff20999df2af8eb42d56 -> 
